0 info it worked if it ends with ok
1 verbose cli [ '/Users/gedeagas/.nvm/versions/node/v6.11.2/bin/node',
1 verbose cli   '/Users/gedeagas/.nvm/versions/node/v6.11.2/bin/npm',
1 verbose cli   'start' ]
2 info using npm@3.10.10
3 info using node@v6.11.2
4 verbose run-script [ 'prestart', 'start', 'poststart' ]
5 info lifecycle bccdrop-server@0.2.1~prestart: bccdrop-server@0.2.1
6 silly lifecycle bccdrop-server@0.2.1~prestart: no script for prestart, continuing
7 info lifecycle bccdrop-server@0.2.1~start: bccdrop-server@0.2.1
8 verbose lifecycle bccdrop-server@0.2.1~start: unsafe-perm in lifecycle true
9 verbose lifecycle bccdrop-server@0.2.1~start: PATH: /Users/gedeagas/.nvm/versions/node/v6.11.2/lib/node_modules/npm/bin/node-gyp-bin:/Users/gedeagas/Talks/bccdrop-server/node_modules/.bin:/Users/gedeagas/.nvm/versions/node/v6.11.2/bin:/usr/local/opt/php56/bin:/Users/gedeagas/bin:/usr/local/bin:/usr/local/bin:/usr/bin:/bin:/usr/sbin:/sbin:/opt/X11/bin:/Users/gedeagas/Library/Android/sdk/tools:/Users/gedeagas/Library/Android/sdk/platform-tools:/Users/gedeagas/go-workspace/bin:/usr/local/opt/go/libexec/bin
10 verbose lifecycle bccdrop-server@0.2.1~start: CWD: /Users/gedeagas/Talks/bccdrop-server
11 silly lifecycle bccdrop-server@0.2.1~start: Args: [ '-c', 'babel-node ./server.js' ]
12 silly lifecycle bccdrop-server@0.2.1~start: Returned: code: 1  signal: null
13 info lifecycle bccdrop-server@0.2.1~start: Failed to exec start script
14 verbose stack Error: bccdrop-server@0.2.1 start: `babel-node ./server.js`
14 verbose stack Exit status 1
14 verbose stack     at EventEmitter.<anonymous> (/Users/gedeagas/.nvm/versions/node/v6.11.2/lib/node_modules/npm/lib/utils/lifecycle.js:255:16)
14 verbose stack     at emitTwo (events.js:106:13)
14 verbose stack     at EventEmitter.emit (events.js:191:7)
14 verbose stack     at ChildProcess.<anonymous> (/Users/gedeagas/.nvm/versions/node/v6.11.2/lib/node_modules/npm/lib/utils/spawn.js:40:14)
14 verbose stack     at emitTwo (events.js:106:13)
14 verbose stack     at ChildProcess.emit (events.js:191:7)
14 verbose stack     at maybeClose (internal/child_process.js:891:16)
14 verbose stack     at Process.ChildProcess._handle.onexit (internal/child_process.js:226:5)
15 verbose pkgid bccdrop-server@0.2.1
16 verbose cwd /Users/gedeagas/Talks/bccdrop-server
17 error Darwin 16.7.0
18 error argv "/Users/gedeagas/.nvm/versions/node/v6.11.2/bin/node" "/Users/gedeagas/.nvm/versions/node/v6.11.2/bin/npm" "start"
19 error node v6.11.2
20 error npm  v3.10.10
21 error code ELIFECYCLE
22 error bccdrop-server@0.2.1 start: `babel-node ./server.js`
22 error Exit status 1
23 error Failed at the bccdrop-server@0.2.1 start script 'babel-node ./server.js'.
23 error Make sure you have the latest version of node.js and npm installed.
23 error If you do, this is most likely a problem with the bccdrop-server package,
23 error not with npm itself.
23 error Tell the author that this fails on your system:
23 error     babel-node ./server.js
23 error You can get information on how to open an issue for this project with:
23 error     npm bugs bccdrop-server
23 error Or if that isn't available, you can get their info via:
23 error     npm owner ls bccdrop-server
23 error There is likely additional logging output above.
24 verbose exit [ 1, true ]
